This file contains any messages produced by compilers while
running configure, to aid debugging if configure makes a mistake.

It was created by love configure 0.10.2, which was
generated by GNU Autoconf 2.71.  Invocation command line was

  $ ./configure --disable-shared --disable-mpg123

## --------- ##
## Platform. ##
## --------- ##

hostname = 11bdd8feceb3
uname -m = x86_64
uname -r = 6.12.10-orbstack-00297-gf8f6e015b993
uname -s = Linux
uname -v = #42 SMP Sun Jan 19 03:00:07 UTC 2025

/usr/bin/uname -p = x86_64
/bin/uname -X     = unknown

/bin/arch              = x86_64
/usr/bin/arch -k       = unknown
/usr/convex/getsysinfo = unknown
/usr/bin/hostinfo      = unknown
/bin/machine           = unknown
/usr/bin/oslevel       = unknown
/bin/universe          = unknown

PATH: /usr/local/sbin/
PATH: /usr/local/bin/
PATH: /usr/sbin/
PATH: /usr/bin/
PATH: /sbin/
PATH: /bin/


## ----------- ##
## Core tests. ##
## ----------- ##

configure:3422: looking for aux files: config.guess config.sub ltmain.sh compile ar-lib missing install-sh
configure:3435:  trying ./platform/unix/
configure:3464:   ./platform/unix/config.guess found
configure:3464:   ./platform/unix/config.sub found
configure:3464:   ./platform/unix/ltmain.sh found
configure:3464:   ./platform/unix/compile found
configure:3464:   ./platform/unix/ar-lib found
configure:3464:   ./platform/unix/missing found
configure:3446:   ./platform/unix/install-sh found
configure:3598: checking for a BSD-compatible install
configure:3671: result: /usr/bin/install -c
configure:3682: checking whether build environment is sane
configure:3737: result: yes
configure:3896: checking for a race-free mkdir -p
configure:3940: result: /usr/bin/mkdir -p
configure:3947: checking for gawk
configure:3982: result: no
configure:3947: checking for mawk
configure:3968: found /usr/bin/mawk
configure:3979: result: mawk
configure:3990: checking whether make sets $(MAKE)
configure:4013: result: yes
configure:4043: checking whether make supports nested variables
configure:4061: result: yes
configure:4146: checking whether UID '0' is supported by ustar format
configure:4149: result: yes
configure:4156: checking whether GID '0' is supported by ustar format
configure:4159: result: yes
configure:4167: checking how to create a ustar tar archive
configure:4178: tar --version
tar (GNU tar) 1.35
Copyright (C) 2023 Free Software Foundation, Inc.
License GPLv3+: GNU GPL version 3 or later <https://gnu.org/licenses/gpl.html>.
This is free software: you are free to change and redistribute it.
There is NO WARRANTY, to the extent permitted by law.

Written by John Gilmore and Jay Fenlason.
configure:4181: $? = 0
configure:4221: tardir=conftest.dir && eval tar --format=ustar -chf - "$tardir" >conftest.tar
configure:4224: $? = 0
configure:4228: tar -xf - <conftest.tar
configure:4231: $? = 0
configure:4233: cat conftest.dir/file
GrepMe
configure:4236: $? = 0
configure:4250: result: gnutar
configure:4326: checking whether make supports nested variables
configure:4344: result: yes
configure:4369: checking whether make supports the include directive
configure:4384: make -f confmf.GNU && cat confinc.out
make[1]: Entering directory '/builder/love-0.10.2'
make[1]: Leaving directory '/builder/love-0.10.2'
this is the am__doit target
configure:4387: $? = 0
configure:4406: result: yes (GNU style)
configure:4482: checking for gcc
configure:4503: found /usr/bin/gcc
configure:4514: result: gcc
configure:4867: checking for C compiler version
configure:4876: gcc --version >&5
gcc (Ubuntu 13.3.0-6ubuntu2~24.04) 13.3.0
Copyright (C) 2023 Free Software Foundation, Inc.
This is free software; see the source for copying conditions.  There is NO
warranty; not even for MERCHANTABILITY or FITNESS FOR A PARTICULAR PURPOSE.

configure:4887: $? = 0
configure:4876: gcc -v >&5
Using built-in specs.
COLLECT_GCC=gcc
COLLECT_LTO_WRAPPER=/usr/libexec/gcc/x86_64-linux-gnu/13/lto-wrapper
OFFLOAD_TARGET_NAMES=nvptx-none:amdgcn-amdhsa
OFFLOAD_TARGET_DEFAULT=1
Target: x86_64-linux-gnu
Configured with: ../src/configure -v --with-pkgversion='Ubuntu 13.3.0-6ubuntu2~24.04' --with-bugurl=file:///usr/share/doc/gcc-13/README.Bugs --enable-languages=c,ada,c++,go,d,fortran,objc,obj-c++,m2 --prefix=/usr --with-gcc-major-version-only --program-suffix=-13 --program-prefix=x86_64-linux-gnu- --enable-shared --enable-linker-build-id --libexecdir=/usr/libexec --without-included-gettext --enable-threads=posix --libdir=/usr/lib --enable-nls --enable-bootstrap --enable-clocale=gnu --enable-libstdcxx-debug --enable-libstdcxx-time=yes --with-default-libstdcxx-abi=new --enable-libstdcxx-backtrace --enable-gnu-unique-object --disable-vtable-verify --enable-plugin --enable-default-pie --with-system-zlib --enable-libphobos-checking=release --with-target-system-zlib=auto --enable-objc-gc=auto --enable-multiarch --disable-werror --enable-cet --with-arch-32=i686 --with-abi=m64 --with-multilib-list=m32,m64,mx32 --enable-multilib --with-tune=generic --enable-offload-targets=nvptx-none=/build/gcc-13-fG75Ri/gcc-13-13.3.0/debian/tmp-nvptx/usr,amdgcn-amdhsa=/build/gcc-13-fG75Ri/gcc-13-13.3.0/debian/tmp-gcn/usr --enable-offload-defaulted --without-cuda-driver --enable-checking=release --build=x86_64-linux-gnu --host=x86_64-linux-gnu --target=x86_64-linux-gnu --with-build-config=bootstrap-lto-lean --enable-link-serialization=2
Thread model: posix
Supported LTO compression algorithms: zlib zstd
gcc version 13.3.0 (Ubuntu 13.3.0-6ubuntu2~24.04) 
... rest of stderr output deleted ...
configure:4887: $? = 0
configure:4876: gcc -V >&5
gcc: error: unrecognized command-line option '-V'
gcc: fatal error: no input files
compilation terminated.
configure:4887: $? = 1
configure:4876: gcc -qversion >&5
gcc: error: unrecognized command-line option '-qversion'; did you mean '--version'?
gcc: fatal error: no input files
compilation terminated.
configure:4887: $? = 1
configure:4876: gcc -version >&5
gcc: error: unrecognized command-line option '-version'
gcc: fatal error: no input files
compilation terminated.
configure:4887: $? = 1
configure:4907: checking whether the C compiler works
configure:4929: gcc  -I/builder/physfs-2.0.3 -L/builder/physfs-2.0.3/build conftest.c  >&5
configure:4933: $? = 0
configure:4983: result: yes
configure:4986: checking for C compiler default output file name
configure:4988: result: a.out
configure:4994: checking for suffix of executables
configure:5001: gcc -o conftest  -I/builder/physfs-2.0.3 -L/builder/physfs-2.0.3/build conftest.c  >&5
configure:5005: $? = 0
configure:5028: result: 
configure:5050: checking whether we are cross compiling
configure:5058: gcc -o conftest  -I/builder/physfs-2.0.3 -L/builder/physfs-2.0.3/build conftest.c  >&5
configure:5062: $? = 0
configure:5069: ./conftest
configure:5073: $? = 0
configure:5088: result: no
configure:5093: checking for suffix of object files
configure:5116: gcc -c  -I/builder/physfs-2.0.3 conftest.c >&5
configure:5120: $? = 0
configure:5142: result: o
configure:5146: checking whether the compiler supports GNU C
configure:5166: gcc -c  -I/builder/physfs-2.0.3 conftest.c >&5
configure:5166: $? = 0
configure:5176: result: yes
configure:5187: checking whether gcc accepts -g
configure:5208: gcc -c -g -I/builder/physfs-2.0.3 conftest.c >&5
configure:5208: $? = 0
configure:5252: result: yes
configure:5272: checking for gcc option to enable C11 features
configure:5287: gcc  -c -g -O2 -I/builder/physfs-2.0.3 conftest.c >&5
configure:5287: $? = 0
configure:5305: result: none needed
configure:5421: checking whether gcc understands -c and -o together
configure:5444: gcc -c conftest.c -o conftest2.o
configure:5447: $? = 0
configure:5444: gcc -c conftest.c -o conftest2.o
configure:5447: $? = 0
configure:5459: result: yes
configure:5478: checking dependency style of gcc
configure:5590: result: gcc3
configure:5661: checking for ar
configure:5682: found /usr/bin/ar
configure:5693: result: ar
configure:5719: checking the archiver (ar) interface
configure:5736: gcc -c -g -O2 -I/builder/physfs-2.0.3 conftest.c >&5
configure:5736: $? = 0
configure:5739: ar cru libconftest.a conftest.o >&5
ar: `u' modifier ignored since `D' is the default (see `U')
configure:5742: $? = 0
configure:5770: result: ar
configure:5822: checking build system type
configure:5837: result: x86_64-pc-linux-gnu
configure:5857: checking host system type
configure:5871: result: x86_64-pc-linux-gnu
configure:5912: checking how to print strings
configure:5939: result: printf
configure:5960: checking for a sed that does not truncate output
configure:6030: result: /usr/bin/sed
configure:6048: checking for grep that handles long lines and -e
configure:6112: result: /usr/bin/grep
configure:6117: checking for egrep
configure:6185: result: /usr/bin/grep -E
configure:6190: checking for fgrep
configure:6258: result: /usr/bin/grep -F
configure:6294: checking for ld used by gcc
configure:6362: result: /usr/bin/ld
configure:6369: checking if the linker (/usr/bin/ld) is GNU ld
configure:6385: result: yes
configure:6397: checking for BSD- or MS-compatible name lister (nm)
configure:6452: result: /usr/bin/nm -B
configure:6592: checking the name lister (/usr/bin/nm -B) interface
configure:6600: gcc -c -g -O2 -I/builder/physfs-2.0.3 conftest.c >&5
configure:6603: /usr/bin/nm -B "conftest.o"
configure:6606: output
0000000000000000 B some_variable
configure:6613: result: BSD nm
configure:6616: checking whether ln -s works
configure:6620: result: yes
configure:6628: checking the maximum length of command line arguments
configure:6760: result: 1572864
configure:6808: checking how to convert x86_64-pc-linux-gnu file names to x86_64-pc-linux-gnu format
configure:6849: result: func_convert_file_noop
configure:6856: checking how to convert x86_64-pc-linux-gnu file names to toolchain format
configure:6877: result: func_convert_file_noop
configure:6884: checking for /usr/bin/ld option to reload object files
configure:6892: result: -r
configure:6971: checking for file
configure:6992: found /usr/bin/file
configure:7003: result: file
configure:7079: checking for objdump
configure:7100: found /usr/bin/objdump
configure:7111: result: objdump
configure:7143: checking how to recognize dependent libraries
configure:7344: result: pass_all
configure:7434: checking for dlltool
configure:7469: result: no
configure:7499: checking how to associate runtime and link libraries
configure:7527: result: printf %s\n
configure:7677: checking for archiver @FILE support
configure:7695: gcc -c -g -O2 -I/builder/physfs-2.0.3 conftest.c >&5
configure:7695: $? = 0
configure:7699: ar cr libconftest.a @conftest.lst >&5
configure:7702: $? = 0
configure:7707: ar cr libconftest.a @conftest.lst >&5
ar: conftest.o: No such file or directory
configure:7710: $? = 1
configure:7722: result: @
configure:7785: checking for strip
configure:7806: found /usr/bin/strip
configure:7817: result: strip
configure:7894: checking for ranlib
configure:7915: found /usr/bin/ranlib
configure:7926: result: ranlib
configure:8028: checking command to parse /usr/bin/nm -B output from gcc object
configure:8182: gcc -c -g -O2 -I/builder/physfs-2.0.3 conftest.c >&5
configure:8185: $? = 0
configure:8189: /usr/bin/nm -B conftest.o | /usr/bin/sed -n -e 's/^.*[	 ]\([ABCDGIRSTW][ABCDGIRSTW]*\)[	 ][	 ]*\([_A-Za-z][_A-Za-z0-9]*\)$/\1 \2 \2/p' | /usr/bin/sed '/ __gnu_lto/d' > conftest.nm
configure:8255: gcc -o conftest -g -O2 -I/builder/physfs-2.0.3 -L/builder/physfs-2.0.3/build conftest.c conftstm.o >&5
configure:8258: $? = 0
configure:8296: result: ok
configure:8343: checking for sysroot
configure:8374: result: no
configure:8381: checking for a working dd
configure:8425: result: /usr/bin/dd
configure:8429: checking how to truncate binary pipes
configure:8445: result: /usr/bin/dd bs=4096 count=1
configure:8582: gcc -c -g -O2 -I/builder/physfs-2.0.3 conftest.c >&5
configure:8585: $? = 0
configure:8782: checking for mt
configure:8817: result: no
configure:8837: checking if : is a manifest tool
configure:8844: : '-?'
configure:8852: result: no
configure:9577: checking for stdio.h
configure:9577: gcc -c -g -O2 -I/builder/physfs-2.0.3 conftest.c >&5
configure:9577: $? = 0
configure:9577: result: yes
configure:9577: checking for stdlib.h
configure:9577: gcc -c -g -O2 -I/builder/physfs-2.0.3 conftest.c >&5
configure:9577: $? = 0
configure:9577: result: yes
configure:9577: checking for string.h
configure:9577: gcc -c -g -O2 -I/builder/physfs-2.0.3 conftest.c >&5
configure:9577: $? = 0
configure:9577: result: yes
configure:9577: checking for inttypes.h
configure:9577: gcc -c -g -O2 -I/builder/physfs-2.0.3 conftest.c >&5
configure:9577: $? = 0
configure:9577: result: yes
configure:9577: checking for stdint.h
configure:9577: gcc -c -g -O2 -I/builder/physfs-2.0.3 conftest.c >&5
configure:9577: $? = 0
configure:9577: result: yes
configure:9577: checking for strings.h
configure:9577: gcc -c -g -O2 -I/builder/physfs-2.0.3 conftest.c >&5
configure:9577: $? = 0
configure:9577: result: yes
configure:9577: checking for sys/stat.h
configure:9577: gcc -c -g -O2 -I/builder/physfs-2.0.3 conftest.c >&5
configure:9577: $? = 0
configure:9577: result: yes
configure:9577: checking for sys/types.h
configure:9577: gcc -c -g -O2 -I/builder/physfs-2.0.3 conftest.c >&5
configure:9577: $? = 0
configure:9577: result: yes
configure:9577: checking for unistd.h
configure:9577: gcc -c -g -O2 -I/builder/physfs-2.0.3 conftest.c >&5
configure:9577: $? = 0
configure:9577: result: yes
configure:9602: checking for dlfcn.h
configure:9602: gcc -c -g -O2 -I/builder/physfs-2.0.3 conftest.c >&5
configure:9602: $? = 0
configure:9602: result: yes
configure:9860: checking for objdir
configure:9876: result: .libs
configure:10140: checking if gcc supports -fno-rtti -fno-exceptions
configure:10159: gcc -c -g -O2 -I/builder/physfs-2.0.3 -fno-rtti -fno-exceptions conftest.c >&5
cc1: warning: command-line option '-fno-rtti' is valid for C++/D/ObjC++ but not for C
configure:10163: $? = 0
configure:10176: result: no
configure:10540: checking for gcc option to produce PIC
configure:10548: result: -fPIC -DPIC
configure:10556: checking if gcc PIC flag -fPIC -DPIC works
configure:10575: gcc -c -g -O2 -I/builder/physfs-2.0.3 -fPIC -DPIC -DPIC conftest.c >&5
configure:10579: $? = 0
configure:10592: result: yes
configure:10621: checking if gcc static flag -static works
configure:10650: result: yes
configure:10665: checking if gcc supports -c -o file.o
configure:10687: gcc -c -g -O2 -I/builder/physfs-2.0.3 -o out/conftest2.o conftest.c >&5
configure:10691: $? = 0
configure:10713: result: yes
configure:10721: checking if gcc supports -c -o file.o
configure:10769: result: yes
configure:10802: checking whether the gcc linker (/usr/bin/ld -m elf_x86_64) supports shared libraries
configure:12076: result: yes
configure:12317: checking dynamic linker characteristics
configure:12899: gcc -o conftest -g -O2 -I/builder/physfs-2.0.3 -L/builder/physfs-2.0.3/build -Wl,-rpath -Wl,/foo conftest.c  >&5
configure:12899: $? = 0
configure:13150: result: GNU/Linux ld.so
configure:13272: checking how to hardcode library paths into programs
configure:13297: result: immediate
configure:13849: checking whether stripping libraries is possible
configure:13858: result: yes
configure:13900: checking if libtool supports shared libraries
configure:13902: result: yes
configure:13905: checking whether to build shared libraries
configure:13930: result: no
configure:13933: checking whether to build static libraries
configure:13937: result: yes
configure:14027: checking for gcc
configure:14059: result: gcc
configure:14412: checking for C compiler version
configure:14421: gcc --version >&5
gcc (Ubuntu 13.3.0-6ubuntu2~24.04) 13.3.0
Copyright (C) 2023 Free Software Foundation, Inc.
This is free software; see the source for copying conditions.  There is NO
warranty; not even for MERCHANTABILITY or FITNESS FOR A PARTICULAR PURPOSE.

configure:14432: $? = 0
configure:14421: gcc -v >&5
Using built-in specs.
COLLECT_GCC=gcc
COLLECT_LTO_WRAPPER=/usr/libexec/gcc/x86_64-linux-gnu/13/lto-wrapper
OFFLOAD_TARGET_NAMES=nvptx-none:amdgcn-amdhsa
OFFLOAD_TARGET_DEFAULT=1
Target: x86_64-linux-gnu
Configured with: ../src/configure -v --with-pkgversion='Ubuntu 13.3.0-6ubuntu2~24.04' --with-bugurl=file:///usr/share/doc/gcc-13/README.Bugs --enable-languages=c,ada,c++,go,d,fortran,objc,obj-c++,m2 --prefix=/usr --with-gcc-major-version-only --program-suffix=-13 --program-prefix=x86_64-linux-gnu- --enable-shared --enable-linker-build-id --libexecdir=/usr/libexec --without-included-gettext --enable-threads=posix --libdir=/usr/lib --enable-nls --enable-bootstrap --enable-clocale=gnu --enable-libstdcxx-debug --enable-libstdcxx-time=yes --with-default-libstdcxx-abi=new --enable-libstdcxx-backtrace --enable-gnu-unique-object --disable-vtable-verify --enable-plugin --enable-default-pie --with-system-zlib --enable-libphobos-checking=release --with-target-system-zlib=auto --enable-objc-gc=auto --enable-multiarch --disable-werror --enable-cet --with-arch-32=i686 --with-abi=m64 --with-multilib-list=m32,m64,mx32 --enable-multilib --with-tune=generic --enable-offload-targets=nvptx-none=/build/gcc-13-fG75Ri/gcc-13-13.3.0/debian/tmp-nvptx/usr,amdgcn-amdhsa=/build/gcc-13-fG75Ri/gcc-13-13.3.0/debian/tmp-gcn/usr --enable-offload-defaulted --without-cuda-driver --enable-checking=release --build=x86_64-linux-gnu --host=x86_64-linux-gnu --target=x86_64-linux-gnu --with-build-config=bootstrap-lto-lean --enable-link-serialization=2
Thread model: posix
Supported LTO compression algorithms: zlib zstd
gcc version 13.3.0 (Ubuntu 13.3.0-6ubuntu2~24.04) 
... rest of stderr output deleted ...
configure:14432: $? = 0
configure:14421: gcc -V >&5
gcc: error: unrecognized command-line option '-V'
gcc: fatal error: no input files
compilation terminated.
configure:14432: $? = 1
configure:14421: gcc -qversion >&5
gcc: error: unrecognized command-line option '-qversion'; did you mean '--version'?
gcc: fatal error: no input files
compilation terminated.
configure:14432: $? = 1
configure:14421: gcc -version >&5
gcc: error: unrecognized command-line option '-version'
gcc: fatal error: no input files
compilation terminated.
configure:14432: $? = 1
configure:14436: checking whether the compiler supports GNU C
configure:14466: result: yes
configure:14477: checking whether gcc accepts -g
configure:14542: result: yes
configure:14562: checking for gcc option to enable C11 features
configure:14595: result: none needed
configure:14711: checking whether gcc understands -c and -o together
configure:14749: result: yes
configure:14768: checking dependency style of gcc
configure:14880: result: gcc3
configure:14964: checking for g++
configure:14985: found /usr/bin/g++
configure:14996: result: g++
configure:15023: checking for C++ compiler version
configure:15032: g++ --version >&5
g++ (Ubuntu 13.3.0-6ubuntu2~24.04) 13.3.0
Copyright (C) 2023 Free Software Foundation, Inc.
This is free software; see the source for copying conditions.  There is NO
warranty; not even for MERCHANTABILITY or FITNESS FOR A PARTICULAR PURPOSE.

configure:15043: $? = 0
configure:15032: g++ -v >&5
Using built-in specs.
COLLECT_GCC=g++
COLLECT_LTO_WRAPPER=/usr/libexec/gcc/x86_64-linux-gnu/13/lto-wrapper
OFFLOAD_TARGET_NAMES=nvptx-none:amdgcn-amdhsa
OFFLOAD_TARGET_DEFAULT=1
Target: x86_64-linux-gnu
Configured with: ../src/configure -v --with-pkgversion='Ubuntu 13.3.0-6ubuntu2~24.04' --with-bugurl=file:///usr/share/doc/gcc-13/README.Bugs --enable-languages=c,ada,c++,go,d,fortran,objc,obj-c++,m2 --prefix=/usr --with-gcc-major-version-only --program-suffix=-13 --program-prefix=x86_64-linux-gnu- --enable-shared --enable-linker-build-id --libexecdir=/usr/libexec --without-included-gettext --enable-threads=posix --libdir=/usr/lib --enable-nls --enable-bootstrap --enable-clocale=gnu --enable-libstdcxx-debug --enable-libstdcxx-time=yes --with-default-libstdcxx-abi=new --enable-libstdcxx-backtrace --enable-gnu-unique-object --disable-vtable-verify --enable-plugin --enable-default-pie --with-system-zlib --enable-libphobos-checking=release --with-target-system-zlib=auto --enable-objc-gc=auto --enable-multiarch --disable-werror --enable-cet --with-arch-32=i686 --with-abi=m64 --with-multilib-list=m32,m64,mx32 --enable-multilib --with-tune=generic --enable-offload-targets=nvptx-none=/build/gcc-13-fG75Ri/gcc-13-13.3.0/debian/tmp-nvptx/usr,amdgcn-amdhsa=/build/gcc-13-fG75Ri/gcc-13-13.3.0/debian/tmp-gcn/usr --enable-offload-defaulted --without-cuda-driver --enable-checking=release --build=x86_64-linux-gnu --host=x86_64-linux-gnu --target=x86_64-linux-gnu --with-build-config=bootstrap-lto-lean --enable-link-serialization=2
Thread model: posix
Supported LTO compression algorithms: zlib zstd
gcc version 13.3.0 (Ubuntu 13.3.0-6ubuntu2~24.04) 
... rest of stderr output deleted ...
configure:15043: $? = 0
configure:15032: g++ -V >&5
g++: error: unrecognized command-line option '-V'
g++: fatal error: no input files
compilation terminated.
configure:15043: $? = 1
configure:15032: g++ -qversion >&5
g++: error: unrecognized command-line option '-qversion'; did you mean '--version'?
g++: fatal error: no input files
compilation terminated.
configure:15043: $? = 1
configure:15047: checking whether the compiler supports GNU C++
configure:15067: g++ -c  -I/builder/physfs-2.0.3 conftest.cpp >&5
configure:15067: $? = 0
configure:15077: result: yes
configure:15088: checking whether g++ accepts -g
configure:15109: g++ -c -g -I/builder/physfs-2.0.3 conftest.cpp >&5
configure:15109: $? = 0
configure:15153: result: yes
configure:15173: checking for g++ option to enable C++11 features
configure:15188: g++  -c -g -O2 -I/builder/physfs-2.0.3 conftest.cpp >&5
conftest.cpp: In function 'int main(int, char**)':
conftest.cpp:189:25: warning: empty parentheses were disambiguated as a function declaration [-Wvexing-parse]
  189 |   cxx11test::delegate d2();
      |                         ^~
conftest.cpp:189:25: note: remove parentheses to default-initialize a variable
  189 |   cxx11test::delegate d2();
      |                         ^~
      |                         --
conftest.cpp:189:25: note: or replace parentheses with braces to value-initialize a variable
configure:15188: $? = 0
configure:15206: result: none needed
configure:15272: checking dependency style of g++
configure:15384: result: gcc3
configure:15417: checking how to run the C++ preprocessor
configure:15439: g++ -E -I/builder/physfs-2.0.3 conftest.cpp
configure:15439: $? = 0
configure:15454: g++ -E -I/builder/physfs-2.0.3 conftest.cpp
conftest.cpp:23:10: fatal error: ac_nonexistent.h: No such file or directory
   23 | #include <ac_nonexistent.h>
      |          ^~~~~~~~~~~~~~~~~~
compilation terminated.
configure:15454: $? = 1
configure: failed program was:
| /* confdefs.h */
| #define PACKAGE_NAME "love"
| #define PACKAGE_TARNAME "love"
| #define PACKAGE_VERSION "0.10.2"
| #define PACKAGE_STRING "love 0.10.2"
| #define PACKAGE_BUGREPORT ""
| #define PACKAGE_URL ""
| #define PACKAGE "love"
| #define VERSION "0.10.2"
| #define HAVE_STDIO_H 1
| #define HAVE_STDLIB_H 1
| #define HAVE_STRING_H 1
| #define HAVE_INTTYPES_H 1
| #define HAVE_STDINT_H 1
| #define HAVE_STRINGS_H 1
| #define HAVE_SYS_STAT_H 1
| #define HAVE_SYS_TYPES_H 1
| #define HAVE_UNISTD_H 1
| #define STDC_HEADERS 1
| #define HAVE_DLFCN_H 1
| #define LT_OBJDIR ".libs/"
| /* end confdefs.h.  */
| #include <ac_nonexistent.h>
configure:15481: result: g++ -E
configure:15495: g++ -E -I/builder/physfs-2.0.3 conftest.cpp
configure:15495: $? = 0
configure:15510: g++ -E -I/builder/physfs-2.0.3 conftest.cpp
conftest.cpp:23:10: fatal error: ac_nonexistent.h: No such file or directory
   23 | #include <ac_nonexistent.h>
      |          ^~~~~~~~~~~~~~~~~~
compilation terminated.
configure:15510: $? = 1
configure: failed program was:
| /* confdefs.h */
| #define PACKAGE_NAME "love"
| #define PACKAGE_TARNAME "love"
| #define PACKAGE_VERSION "0.10.2"
| #define PACKAGE_STRING "love 0.10.2"
| #define PACKAGE_BUGREPORT ""
| #define PACKAGE_URL ""
| #define PACKAGE "love"
| #define VERSION "0.10.2"
| #define HAVE_STDIO_H 1
| #define HAVE_STDLIB_H 1
| #define HAVE_STRING_H 1
| #define HAVE_INTTYPES_H 1
| #define HAVE_STDINT_H 1
| #define HAVE_STRINGS_H 1
| #define HAVE_SYS_STAT_H 1
| #define HAVE_SYS_TYPES_H 1
| #define HAVE_UNISTD_H 1
| #define STDC_HEADERS 1
| #define HAVE_DLFCN_H 1
| #define LT_OBJDIR ".libs/"
| /* end confdefs.h.  */
| #include <ac_nonexistent.h>
configure:15675: checking for ld used by g++
configure:15743: result: /usr/bin/ld -m elf_x86_64
configure:15750: checking if the linker (/usr/bin/ld -m elf_x86_64) is GNU ld
configure:15766: result: yes
configure:15821: checking whether the g++ linker (/usr/bin/ld -m elf_x86_64) supports shared libraries
configure:16899: result: yes
configure:16935: g++ -c -g -O2 -I/builder/physfs-2.0.3 conftest.cpp >&5
configure:16938: $? = 0
configure:17419: checking for g++ option to produce PIC
configure:17427: result: -fPIC -DPIC
configure:17435: checking if g++ PIC flag -fPIC -DPIC works
configure:17454: g++ -c -g -O2 -I/builder/physfs-2.0.3 -fPIC -DPIC -DPIC conftest.cpp >&5
configure:17458: $? = 0
configure:17471: result: yes
configure:17494: checking if g++ static flag -static works
configure:17523: result: yes
configure:17535: checking if g++ supports -c -o file.o
configure:17557: g++ -c -g -O2 -I/builder/physfs-2.0.3 -o out/conftest2.o conftest.cpp >&5
configure:17561: $? = 0
configure:17583: result: yes
configure:17588: checking if g++ supports -c -o file.o
configure:17636: result: yes
configure:17666: checking whether the g++ linker (/usr/bin/ld -m elf_x86_64) supports shared libraries
configure:17709: result: yes
configure:17851: checking dynamic linker characteristics
configure:18611: result: GNU/Linux ld.so
configure:18676: checking how to hardcode library paths into programs
configure:18701: result: immediate
configure:18741: checking for a sed that does not truncate output
configure:18811: result: /usr/bin/sed
configure:18876: checking for g++
configure:18897: found /usr/bin/g++
configure:18908: result: g++
configure:18933: checking for Objective C++ compiler version
configure:18942: g++ --version >&5
g++ (Ubuntu 13.3.0-6ubuntu2~24.04) 13.3.0
Copyright (C) 2023 Free Software Foundation, Inc.
This is free software; see the source for copying conditions.  There is NO
warranty; not even for MERCHANTABILITY or FITNESS FOR A PARTICULAR PURPOSE.

configure:18953: $? = 0
configure:18942: g++ -v >&5
Using built-in specs.
COLLECT_GCC=g++
COLLECT_LTO_WRAPPER=/usr/libexec/gcc/x86_64-linux-gnu/13/lto-wrapper
OFFLOAD_TARGET_NAMES=nvptx-none:amdgcn-amdhsa
OFFLOAD_TARGET_DEFAULT=1
Target: x86_64-linux-gnu
Configured with: ../src/configure -v --with-pkgversion='Ubuntu 13.3.0-6ubuntu2~24.04' --with-bugurl=file:///usr/share/doc/gcc-13/README.Bugs --enable-languages=c,ada,c++,go,d,fortran,objc,obj-c++,m2 --prefix=/usr --with-gcc-major-version-only --program-suffix=-13 --program-prefix=x86_64-linux-gnu- --enable-shared --enable-linker-build-id --libexecdir=/usr/libexec --without-included-gettext --enable-threads=posix --libdir=/usr/lib --enable-nls --enable-bootstrap --enable-clocale=gnu --enable-libstdcxx-debug --enable-libstdcxx-time=yes --with-default-libstdcxx-abi=new --enable-libstdcxx-backtrace --enable-gnu-unique-object --disable-vtable-verify --enable-plugin --enable-default-pie --with-system-zlib --enable-libphobos-checking=release --with-target-system-zlib=auto --enable-objc-gc=auto --enable-multiarch --disable-werror --enable-cet --with-arch-32=i686 --with-abi=m64 --with-multilib-list=m32,m64,mx32 --enable-multilib --with-tune=generic --enable-offload-targets=nvptx-none=/build/gcc-13-fG75Ri/gcc-13-13.3.0/debian/tmp-nvptx/usr,amdgcn-amdhsa=/build/gcc-13-fG75Ri/gcc-13-13.3.0/debian/tmp-gcn/usr --enable-offload-defaulted --without-cuda-driver --enable-checking=release --build=x86_64-linux-gnu --host=x86_64-linux-gnu --target=x86_64-linux-gnu --with-build-config=bootstrap-lto-lean --enable-link-serialization=2
Thread model: posix
Supported LTO compression algorithms: zlib zstd
gcc version 13.3.0 (Ubuntu 13.3.0-6ubuntu2~24.04) 
... rest of stderr output deleted ...
configure:18953: $? = 0
configure:18942: g++ -V >&5
g++: error: unrecognized command-line option '-V'
g++: fatal error: no input files
compilation terminated.
configure:18953: $? = 1
configure:18942: g++ -qversion >&5
g++: error: unrecognized command-line option '-qversion'; did you mean '--version'?
g++: fatal error: no input files
compilation terminated.
configure:18953: $? = 1
configure:18957: checking whether the compiler supports GNU Objective C++
configure:18977: g++ -c  -I/builder/physfs-2.0.3 conftest.mm >&5
g++: fatal error: cannot execute 'cc1objplus': execvp: No such file or directory
compilation terminated.
configure:18977: $? = 1
configure: failed program was:
| /* confdefs.h */
| #define PACKAGE_NAME "love"
| #define PACKAGE_TARNAME "love"
| #define PACKAGE_VERSION "0.10.2"
| #define PACKAGE_STRING "love 0.10.2"
| #define PACKAGE_BUGREPORT ""
| #define PACKAGE_URL ""
| #define PACKAGE "love"
| #define VERSION "0.10.2"
| #define HAVE_STDIO_H 1
| #define HAVE_STDLIB_H 1
| #define HAVE_STRING_H 1
| #define HAVE_INTTYPES_H 1
| #define HAVE_STDINT_H 1
| #define HAVE_STRINGS_H 1
| #define HAVE_SYS_STAT_H 1
| #define HAVE_SYS_TYPES_H 1
| #define HAVE_UNISTD_H 1
| #define STDC_HEADERS 1
| #define HAVE_DLFCN_H 1
| #define LT_OBJDIR ".libs/"
| /* end confdefs.h.  */
| 
| int
| main (void)
| {
| #ifndef __GNUC__
|        choke me
| #endif
| 
|   ;
|   return 0;
| }
configure:18987: result: no
configure:18998: checking whether g++ accepts -g
configure:19019: g++ -c -g -I/builder/physfs-2.0.3 conftest.mm >&5
g++: fatal error: cannot execute 'cc1objplus': execvp: No such file or directory
compilation terminated.
configure:19019: $? = 1
configure: failed program was:
| /* confdefs.h */
| #define PACKAGE_NAME "love"
| #define PACKAGE_TARNAME "love"
| #define PACKAGE_VERSION "0.10.2"
| #define PACKAGE_STRING "love 0.10.2"
| #define PACKAGE_BUGREPORT ""
| #define PACKAGE_URL ""
| #define PACKAGE "love"
| #define VERSION "0.10.2"
| #define HAVE_STDIO_H 1
| #define HAVE_STDLIB_H 1
| #define HAVE_STRING_H 1
| #define HAVE_INTTYPES_H 1
| #define HAVE_STDINT_H 1
| #define HAVE_STRINGS_H 1
| #define HAVE_SYS_STAT_H 1
| #define HAVE_SYS_TYPES_H 1
| #define HAVE_UNISTD_H 1
| #define STDC_HEADERS 1
| #define HAVE_DLFCN_H 1
| #define LT_OBJDIR ".libs/"
| /* end confdefs.h.  */
| 
| int
| main (void)
| {
| 
|   ;
|   return 0;
| }
configure:19035: g++ -c  -I/builder/physfs-2.0.3 conftest.mm >&5
g++: fatal error: cannot execute 'cc1objplus': execvp: No such file or directory
compilation terminated.
configure:19035: $? = 1
configure: failed program was:
| /* confdefs.h */
| #define PACKAGE_NAME "love"
| #define PACKAGE_TARNAME "love"
| #define PACKAGE_VERSION "0.10.2"
| #define PACKAGE_STRING "love 0.10.2"
| #define PACKAGE_BUGREPORT ""
| #define PACKAGE_URL ""
| #define PACKAGE "love"
| #define VERSION "0.10.2"
| #define HAVE_STDIO_H 1
| #define HAVE_STDLIB_H 1
| #define HAVE_STRING_H 1
| #define HAVE_INTTYPES_H 1
| #define HAVE_STDINT_H 1
| #define HAVE_STRINGS_H 1
| #define HAVE_SYS_STAT_H 1
| #define HAVE_SYS_TYPES_H 1
| #define HAVE_UNISTD_H 1
| #define STDC_HEADERS 1
| #define HAVE_DLFCN_H 1
| #define LT_OBJDIR ".libs/"
| /* end confdefs.h.  */
| 
| int
| main (void)
| {
| 
|   ;
|   return 0;
| }
configure:19052: g++ -c -g -I/builder/physfs-2.0.3 conftest.mm >&5
g++: fatal error: cannot execute 'cc1objplus': execvp: No such file or directory
compilation terminated.
configure:19052: $? = 1
configure: failed program was:
| /* confdefs.h */
| #define PACKAGE_NAME "love"
| #define PACKAGE_TARNAME "love"
| #define PACKAGE_VERSION "0.10.2"
| #define PACKAGE_STRING "love 0.10.2"
| #define PACKAGE_BUGREPORT ""
| #define PACKAGE_URL ""
| #define PACKAGE "love"
| #define VERSION "0.10.2"
| #define HAVE_STDIO_H 1
| #define HAVE_STDLIB_H 1
| #define HAVE_STRING_H 1
| #define HAVE_INTTYPES_H 1
| #define HAVE_STDINT_H 1
| #define HAVE_STRINGS_H 1
| #define HAVE_SYS_STAT_H 1
| #define HAVE_SYS_TYPES_H 1
| #define HAVE_UNISTD_H 1
| #define STDC_HEADERS 1
| #define HAVE_DLFCN_H 1
| #define LT_OBJDIR ".libs/"
| /* end confdefs.h.  */
| 
| int
| main (void)
| {
| 
|   ;
|   return 0;
| }
configure:19063: result: no
configure:19088: checking dependency style of g++
configure:19198: result: gcc3
configure:19272: checking for pkg-config
configure:19295: found /usr/bin/pkg-config
configure:19307: result: /usr/bin/pkg-config
configure:19332: checking pkg-config is at least version 0.9.0
configure:19335: result: yes
configure:19343: checking whether byte ordering is bigendian
configure:19359: gcc -c -g -O2 -I/builder/physfs-2.0.3 conftest.c >&5
conftest.c:24:16: error: unknown type name 'not'
   24 |                not a universal capable compiler
      |                ^~~
conftest.c:24:22: error: expected '=', ',', ';', 'asm' or '__attribute__' before 'universal'
   24 |                not a universal capable compiler
      |                      ^~~~~~~~~
conftest.c:24:22: error: unknown type name 'universal'
configure:19359: $? = 1
configure: failed program was:
| /* confdefs.h */
| #define PACKAGE_NAME "love"
| #define PACKAGE_TARNAME "love"
| #define PACKAGE_VERSION "0.10.2"
| #define PACKAGE_STRING "love 0.10.2"
| #define PACKAGE_BUGREPORT ""
| #define PACKAGE_URL ""
| #define PACKAGE "love"
| #define VERSION "0.10.2"
| #define HAVE_STDIO_H 1
| #define HAVE_STDLIB_H 1
| #define HAVE_STRING_H 1
| #define HAVE_INTTYPES_H 1
| #define HAVE_STDINT_H 1
| #define HAVE_STRINGS_H 1
| #define HAVE_SYS_STAT_H 1
| #define HAVE_SYS_TYPES_H 1
| #define HAVE_UNISTD_H 1
| #define STDC_HEADERS 1
| #define HAVE_DLFCN_H 1
| #define LT_OBJDIR ".libs/"
| /* end confdefs.h.  */
| #ifndef __APPLE_CC__
| 	       not a universal capable compiler
| 	     #endif
| 	     typedef int dummy;
| 
configure:19405: gcc -c -g -O2 -I/builder/physfs-2.0.3 conftest.c >&5
configure:19405: $? = 0
configure:19424: gcc -c -g -O2 -I/builder/physfs-2.0.3 conftest.c >&5
conftest.c: In function 'main':
conftest.c:30:18: error: unknown type name 'not'; did you mean 'ino_t'?
   30 |                  not big endian
      |                  ^~~
      |                  ino_t
conftest.c:30:26: error: expected '=', ',', ';', 'asm' or '__attribute__' before 'endian'
   30 |                  not big endian
      |                          ^~~~~~
configure:19424: $? = 1
configure: failed program was:
| /* confdefs.h */
| #define PACKAGE_NAME "love"
| #define PACKAGE_TARNAME "love"
| #define PACKAGE_VERSION "0.10.2"
| #define PACKAGE_STRING "love 0.10.2"
| #define PACKAGE_BUGREPORT ""
| #define PACKAGE_URL ""
| #define PACKAGE "love"
| #define VERSION "0.10.2"
| #define HAVE_STDIO_H 1
| #define HAVE_STDLIB_H 1
| #define HAVE_STRING_H 1
| #define HAVE_INTTYPES_H 1
| #define HAVE_STDINT_H 1
| #define HAVE_STRINGS_H 1
| #define HAVE_SYS_STAT_H 1
| #define HAVE_SYS_TYPES_H 1
| #define HAVE_UNISTD_H 1
| #define STDC_HEADERS 1
| #define HAVE_DLFCN_H 1
| #define LT_OBJDIR ".libs/"
| /* end confdefs.h.  */
| #include <sys/types.h>
| 		#include <sys/param.h>
| 
| int
| main (void)
| {
| #if BYTE_ORDER != BIG_ENDIAN
| 		 not big endian
| 		#endif
| 
|   ;
|   return 0;
| }
configure:19558: result: no
configure:19610: checking whether g++ supports flag -std=c++0x
configure:19623: g++ -c -std=c++0x -I/builder/physfs-2.0.3 conftest.cpp >&5
configure:19623: $? = 0
configure:19625: result: yes
configure:19636: checking whether g++ supports flag -std=c++11
configure:19649: g++ -c -std=c++11 -I/builder/physfs-2.0.3 conftest.cpp >&5
configure:19649: $? = 0
configure:19651: result: yes
configure:19670: g++ -o conftest -g -O2 -std=c++11 -I/builder/physfs-2.0.3 -L/builder/physfs-2.0.3/build conftest.cpp  >&5
configure:19670: $? = 0
configure:19670: ./conftest
configure:19670: $? = 0
configure:19677: g++ -o conftest -g -O2 -std=c++11 -I/builder/physfs-2.0.3 -L/builder/physfs-2.0.3/build conftest.cpp  >&5
configure:19677: $? = 0
configure:19677: ./conftest
configure:19677: $? = 0
configure:19684: g++ -o conftest -g -O2 -std=c++11 -I/builder/physfs-2.0.3 -L/builder/physfs-2.0.3/build conftest.cpp  >&5
configure:19684: $? = 0
configure:19684: ./conftest
configure:19684: $? = 0
configure:19694: g++ -o conftest -g -O2 -std=c++11 -I/builder/physfs-2.0.3 -L/builder/physfs-2.0.3/build conftest.cpp  >&5
conftest.cpp: In function 'long int longval()':
conftest.cpp:24:41: error: '__clang_major__' was not declared in this scope
   24 | static long int longval (void) { return __clang_major__; }
      |                                         ^~~~~~~~~~~~~~~
conftest.cpp: In function 'long unsigned int ulongval()':
conftest.cpp:25:51: error: '__clang_major__' was not declared in this scope
   25 | static unsigned long int ulongval (void) { return __clang_major__; }
      |                                                   ^~~~~~~~~~~~~~~
conftest.cpp: In function 'int main()':
conftest.cpp:35:8: error: '__clang_major__' was not declared in this scope
   35 |   if ((__clang_major__) < 0)
      |        ^~~~~~~~~~~~~~~
configure:19694: $? = 1
configure: program exited with status 1
configure: failed program was:
| /* confdefs.h */
| #define PACKAGE_NAME "love"
| #define PACKAGE_TARNAME "love"
| #define PACKAGE_VERSION "0.10.2"
| #define PACKAGE_STRING "love 0.10.2"
| #define PACKAGE_BUGREPORT ""
| #define PACKAGE_URL ""
| #define PACKAGE "love"
| #define VERSION "0.10.2"
| #define HAVE_STDIO_H 1
| #define HAVE_STDLIB_H 1
| #define HAVE_STRING_H 1
| #define HAVE_INTTYPES_H 1
| #define HAVE_STDINT_H 1
| #define HAVE_STRINGS_H 1
| #define HAVE_SYS_STAT_H 1
| #define HAVE_SYS_TYPES_H 1
| #define HAVE_UNISTD_H 1
| #define STDC_HEADERS 1
| #define HAVE_DLFCN_H 1
| #define LT_OBJDIR ".libs/"
| /* end confdefs.h.  */
| 
| static long int longval (void) { return __clang_major__; }
| static unsigned long int ulongval (void) { return __clang_major__; }
| #include <stdio.h>
| #include <stdlib.h>
| int
| main (void)
| {
| 
|   FILE *f = fopen ("conftest.val", "w");
|   if (! f)
|     return 1;
|   if ((__clang_major__) < 0)
|     {
|       long int i = longval ();
|       if (i != (__clang_major__))
| 	return 1;
|       fprintf (f, "%ld", i);
|     }
|   else
|     {
|       unsigned long int i = ulongval ();
|       if (i != (__clang_major__))
| 	return 1;
|       fprintf (f, "%lu", i);
|     }
|   /* Do not output a trailing newline, as this causes \r\n confusion
|      on some platforms.  */
|   return ferror (f) || fclose (f) != 0;
| 
|   ;
|   return 0;
| }
configure:19701: g++ -o conftest -g -O2 -std=c++11 -I/builder/physfs-2.0.3 -L/builder/physfs-2.0.3/build conftest.cpp  >&5
conftest.cpp: In function 'long int longval()':
conftest.cpp:24:41: error: '__clang_minor__' was not declared in this scope
   24 | static long int longval (void) { return __clang_minor__; }
      |                                         ^~~~~~~~~~~~~~~
conftest.cpp: In function 'long unsigned int ulongval()':
conftest.cpp:25:51: error: '__clang_minor__' was not declared in this scope
   25 | static unsigned long int ulongval (void) { return __clang_minor__; }
      |                                                   ^~~~~~~~~~~~~~~
conftest.cpp: In function 'int main()':
conftest.cpp:35:8: error: '__clang_minor__' was not declared in this scope
   35 |   if ((__clang_minor__) < 0)
      |        ^~~~~~~~~~~~~~~
configure:19701: $? = 1
configure: program exited with status 1
configure: failed program was:
| /* confdefs.h */
| #define PACKAGE_NAME "love"
| #define PACKAGE_TARNAME "love"
| #define PACKAGE_VERSION "0.10.2"
| #define PACKAGE_STRING "love 0.10.2"
| #define PACKAGE_BUGREPORT ""
| #define PACKAGE_URL ""
| #define PACKAGE "love"
| #define VERSION "0.10.2"
| #define HAVE_STDIO_H 1
| #define HAVE_STDLIB_H 1
| #define HAVE_STRING_H 1
| #define HAVE_INTTYPES_H 1
| #define HAVE_STDINT_H 1
| #define HAVE_STRINGS_H 1
| #define HAVE_SYS_STAT_H 1
| #define HAVE_SYS_TYPES_H 1
| #define HAVE_UNISTD_H 1
| #define STDC_HEADERS 1
| #define HAVE_DLFCN_H 1
| #define LT_OBJDIR ".libs/"
| /* end confdefs.h.  */
| 
| static long int longval (void) { return __clang_minor__; }
| static unsigned long int ulongval (void) { return __clang_minor__; }
| #include <stdio.h>
| #include <stdlib.h>
| int
| main (void)
| {
| 
|   FILE *f = fopen ("conftest.val", "w");
|   if (! f)
|     return 1;
|   if ((__clang_minor__) < 0)
|     {
|       long int i = longval ();
|       if (i != (__clang_minor__))
| 	return 1;
|       fprintf (f, "%ld", i);
|     }
|   else
|     {
|       unsigned long int i = ulongval ();
|       if (i != (__clang_minor__))
| 	return 1;
|       fprintf (f, "%lu", i);
|     }
|   /* Do not output a trailing newline, as this causes \r\n confusion
|      on some platforms.  */
|   return ferror (f) || fclose (f) != 0;
| 
|   ;
|   return 0;
| }
configure:19708: g++ -o conftest -g -O2 -std=c++11 -I/builder/physfs-2.0.3 -L/builder/physfs-2.0.3/build conftest.cpp  >&5
conftest.cpp: In function 'long int longval()':
conftest.cpp:24:41: error: '__clang_patchlevel__' was not declared in this scope
   24 | static long int longval (void) { return __clang_patchlevel__; }
      |                                         ^~~~~~~~~~~~~~~~~~~~
conftest.cpp: In function 'long unsigned int ulongval()':
conftest.cpp:25:51: error: '__clang_patchlevel__' was not declared in this scope
   25 | static unsigned long int ulongval (void) { return __clang_patchlevel__; }
      |                                                   ^~~~~~~~~~~~~~~~~~~~
conftest.cpp: In function 'int main()':
conftest.cpp:35:8: error: '__clang_patchlevel__' was not declared in this scope
   35 |   if ((__clang_patchlevel__) < 0)
      |        ^~~~~~~~~~~~~~~~~~~~
configure:19708: $? = 1
configure: program exited with status 1
configure: failed program was:
| /* confdefs.h */
| #define PACKAGE_NAME "love"
| #define PACKAGE_TARNAME "love"
| #define PACKAGE_VERSION "0.10.2"
| #define PACKAGE_STRING "love 0.10.2"
| #define PACKAGE_BUGREPORT ""
| #define PACKAGE_URL ""
| #define PACKAGE "love"
| #define VERSION "0.10.2"
| #define HAVE_STDIO_H 1
| #define HAVE_STDLIB_H 1
| #define HAVE_STRING_H 1
| #define HAVE_INTTYPES_H 1
| #define HAVE_STDINT_H 1
| #define HAVE_STRINGS_H 1
| #define HAVE_SYS_STAT_H 1
| #define HAVE_SYS_TYPES_H 1
| #define HAVE_UNISTD_H 1
| #define STDC_HEADERS 1
| #define HAVE_DLFCN_H 1
| #define LT_OBJDIR ".libs/"
| /* end confdefs.h.  */
| 
| static long int longval (void) { return __clang_patchlevel__; }
| static unsigned long int ulongval (void) { return __clang_patchlevel__; }
| #include <stdio.h>
| #include <stdlib.h>
| int
| main (void)
| {
| 
|   FILE *f = fopen ("conftest.val", "w");
|   if (! f)
|     return 1;
|   if ((__clang_patchlevel__) < 0)
|     {
|       long int i = longval ();
|       if (i != (__clang_patchlevel__))
| 	return 1;
|       fprintf (f, "%ld", i);
|     }
|   else
|     {
|       unsigned long int i = ulongval ();
|       if (i != (__clang_patchlevel__))
| 	return 1;
|       fprintf (f, "%lu", i);
|     }
|   /* Do not output a trailing newline, as this causes \r\n confusion
|      on some platforms.  */
|   return ferror (f) || fclose (f) != 0;
| 
|   ;
|   return 0;
| }
configure:19732: checking whether gcc version is at least 4.7
configure:19742: result: yes
configure:19879: checking for sdl2 >= 2.0.0
configure:19886: $PKG_CONFIG --exists --print-errors "sdl2 >= $min_sdl_version"
configure:19889: $? = 0
configure:19903: $PKG_CONFIG --exists --print-errors "sdl2 >= $min_sdl_version"
configure:19906: $? = 0
configure:19944: result: yes
configure:20206: checking for luajit5.1
configure:20691: result: yes
configure:20697: checking for freetype2
configure:20762: result: yes
configure:20768: checking for openal
configure:20833: result: yes
configure:20839: checking for libmodplug
configure:20904: result: yes
configure:20910: checking for vorbisfile
configure:20975: result: yes
configure:20981: checking for zlib
configure:21046: result: yes
configure:21052: checking for theoradec
configure:21117: result: yes
configure:21123: checking for library containing sqrt
configure:21152: g++ -o conftest -g -O2 -std=c++11 -I/builder/physfs-2.0.3 -L/builder/physfs-2.0.3/build conftest.cpp  >&5
configure:21152: $? = 0
configure:21172: result: none required
configure:21183: checking for library containing PHYSFS_init
configure:21212: g++ -o conftest -g -O2 -std=c++11 -I/builder/physfs-2.0.3 -L/builder/physfs-2.0.3/build conftest.cpp  >&5
/usr/bin/ld: /tmp/cc3NX2gt.o: in function `main':
/builder/love-0.10.2/conftest.cpp:30:(.text.startup+0x5): undefined reference to `PHYSFS_init'
collect2: error: ld returned 1 exit status
configure:21212: $? = 1
configure: failed program was:
| /* confdefs.h */
| #define PACKAGE_NAME "love"
| #define PACKAGE_TARNAME "love"
| #define PACKAGE_VERSION "0.10.2"
| #define PACKAGE_STRING "love 0.10.2"
| #define PACKAGE_BUGREPORT ""
| #define PACKAGE_URL ""
| #define PACKAGE "love"
| #define VERSION "0.10.2"
| #define HAVE_STDIO_H 1
| #define HAVE_STDLIB_H 1
| #define HAVE_STRING_H 1
| #define HAVE_INTTYPES_H 1
| #define HAVE_STDINT_H 1
| #define HAVE_STRINGS_H 1
| #define HAVE_SYS_STAT_H 1
| #define HAVE_SYS_TYPES_H 1
| #define HAVE_UNISTD_H 1
| #define STDC_HEADERS 1
| #define HAVE_DLFCN_H 1
| #define LT_OBJDIR ".libs/"
| /* end confdefs.h.  */
| 
| namespace conftest {
|   extern "C" int PHYSFS_init ();
| }
| int
| main (void)
| {
| return conftest::PHYSFS_init ();
|   ;
|   return 0;
| }
configure:21212: g++ -o conftest -g -O2 -std=c++11 -I/builder/physfs-2.0.3 -L/builder/physfs-2.0.3/build conftest.cpp -lphysfs   >&5
configure:21212: $? = 0
configure:21232: result: -lphysfs
configure:21250: checking for library containing lua_call
configure:21252: result: -L/builder/LuaJIT-2.1.0-beta2/src
configure:21566: checking for socklen_t
configure:21566: g++ -c -g -O2 -std=c++11 -I/builder/physfs-2.0.3 conftest.cpp >&5
configure:21566: $? = 0
configure:21566: g++ -c -g -O2 -std=c++11 -I/builder/physfs-2.0.3 conftest.cpp >&5
conftest.cpp: In function 'int main()':
conftest.cpp:31:23: error: expected primary-expression before ')' token
   31 | if (sizeof ((socklen_t)))
      |                       ^
configure:21566: $? = 1
configure: failed program was:
| /* confdefs.h */
| #define PACKAGE_NAME "love"
| #define PACKAGE_TARNAME "love"
| #define PACKAGE_VERSION "0.10.2"
| #define PACKAGE_STRING "love 0.10.2"
| #define PACKAGE_BUGREPORT ""
| #define PACKAGE_URL ""
| #define PACKAGE "love"
| #define VERSION "0.10.2"
| #define HAVE_STDIO_H 1
| #define HAVE_STDLIB_H 1
| #define HAVE_STRING_H 1
| #define HAVE_INTTYPES_H 1
| #define HAVE_STDINT_H 1
| #define HAVE_STRINGS_H 1
| #define HAVE_SYS_STAT_H 1
| #define HAVE_SYS_TYPES_H 1
| #define HAVE_UNISTD_H 1
| #define STDC_HEADERS 1
| #define HAVE_DLFCN_H 1
| #define LT_OBJDIR ".libs/"
| #define LOVE_NOMPG123 /**/
| /* end confdefs.h.  */
| #include <sys/types.h>
|               #include <sys/socket.h>
| 
| 
| int
| main (void)
| {
| if (sizeof ((socklen_t)))
| 	    return 0;
|   ;
|   return 0;
| }
configure:21566: result: yes
configure:21628: checking for luajit5.1
configure:21663: result: no
configure:21628: checking for luajit
configure:21663: result: no
configure:21628: checking for lua
configure:21663: result: no
configure:21674: WARNING: Did not find a lua executable, you may need to update the scripts manually if you change them
configure:22866: checking that generated files are newer than configure
configure:22872: result: done
configure:23116: creating ./config.status

## ---------------------- ##
## Running config.status. ##
## ---------------------- ##

This file was extended by love config.status 0.10.2, which was
generated by GNU Autoconf 2.71.  Invocation command line was

  CONFIG_FILES    = 
  CONFIG_HEADERS  = 
  CONFIG_LINKS    = 
  CONFIG_COMMANDS = 
  $ ./config.status 

on 11bdd8feceb3

config.status:1336: creating Makefile
config.status:1336: creating src/Makefile
config.status:1336: creating platform/unix/debian/control
config.status:1336: creating platform/unix/debian/changelog
config.status:1336: creating platform/unix/debian/rules
config.status:1336: creating config.h
config.status:1565: executing depfiles commands
config.status:1642: cd src       && sed -e '/# am--include-marker/d' Makefile         | make -f - am--depfiles
make[1]: Entering directory '/builder/love-0.10.2/src'
make[1]: Nothing to be done for 'am--depfiles'.
make[1]: Leaving directory '/builder/love-0.10.2/src'
config.status:1647: $? = 0
config.status:1565: executing libtool commands

## ---------------- ##
## Cache variables. ##
## ---------------- ##

ac_cv_build=x86_64-pc-linux-gnu
ac_cv_c_bigendian=no
ac_cv_c_compiler_gnu=yes
ac_cv_cxx_compiler_gnu=yes
ac_cv_env_CCC_set=
ac_cv_env_CCC_value=
ac_cv_env_CC_set=
ac_cv_env_CC_value=
ac_cv_env_CFLAGS_set=
ac_cv_env_CFLAGS_value=
ac_cv_env_CPPFLAGS_set=set
ac_cv_env_CPPFLAGS_value=-I/builder/physfs-2.0.3
ac_cv_env_CXXCPP_set=
ac_cv_env_CXXCPP_value=
ac_cv_env_CXXFLAGS_set=
ac_cv_env_CXXFLAGS_value=
ac_cv_env_CXX_set=
ac_cv_env_CXX_value=
ac_cv_env_LDFLAGS_set=set
ac_cv_env_LDFLAGS_value=-L/builder/physfs-2.0.3/build
ac_cv_env_LIBS_set=
ac_cv_env_LIBS_value=
ac_cv_env_LT_SYS_LIBRARY_PATH_set=
ac_cv_env_LT_SYS_LIBRARY_PATH_value=
ac_cv_env_OBJCXXFLAGS_set=
ac_cv_env_OBJCXXFLAGS_value=
ac_cv_env_OBJCXX_set=
ac_cv_env_OBJCXX_value=
ac_cv_env_PKG_CONFIG_LIBDIR_set=
ac_cv_env_PKG_CONFIG_LIBDIR_value=
ac_cv_env_PKG_CONFIG_PATH_set=
ac_cv_env_PKG_CONFIG_PATH_value=
ac_cv_env_PKG_CONFIG_set=
ac_cv_env_PKG_CONFIG_value=
ac_cv_env_SDL2_FRAMEWORK_set=
ac_cv_env_SDL2_FRAMEWORK_value=
ac_cv_env_SDL_CFLAGS_set=
ac_cv_env_SDL_CFLAGS_value=
ac_cv_env_SDL_LIBS_set=
ac_cv_env_SDL_LIBS_value=
ac_cv_env_build_alias_set=
ac_cv_env_build_alias_value=
ac_cv_env_freetype2_CFLAGS_set=set
ac_cv_env_freetype2_CFLAGS_value=-I/builder/freetype-2.5.5/include
ac_cv_env_freetype2_LIBS_set=set
ac_cv_env_freetype2_LIBS_value=-L/builder/freetype-2.5.5/objs/.libs
ac_cv_env_host_alias_set=
ac_cv_env_host_alias_value=
ac_cv_env_libmodplug_CFLAGS_set=set
ac_cv_env_libmodplug_CFLAGS_value=-I/builder/libmodplug-0.8.8.5
ac_cv_env_libmodplug_LIBS_set=set
ac_cv_env_libmodplug_LIBS_value=-L/builder/libmodplug-0.8.8.5/build
ac_cv_env_lua_CFLAGS_set=set
ac_cv_env_lua_CFLAGS_value=-I/builder/LuaJIT-2.1.0-beta2/src
ac_cv_env_lua_LIBS_set=set
ac_cv_env_lua_LIBS_value=-L/builder/LuaJIT-2.1.0-beta2/src
ac_cv_env_openal_CFLAGS_set=set
ac_cv_env_openal_CFLAGS_value=-I/builder/openal-soft-1.18.0/include
ac_cv_env_openal_LIBS_set=set
ac_cv_env_openal_LIBS_value=-L/builder/openal-soft-1.18.0/build
ac_cv_env_target_alias_set=
ac_cv_env_target_alias_value=
ac_cv_env_theora_CFLAGS_set=set
ac_cv_env_theora_CFLAGS_value=-I/builder/libtheora-1.1.1/include
ac_cv_env_theora_LIBS_set=set
ac_cv_env_theora_LIBS_value=-L/builder/libtheora-1.1.1/lib/.libs
ac_cv_env_vorbisfile_CFLAGS_set=set
ac_cv_env_vorbisfile_CFLAGS_value='-I/builder/libogg-1.3.2/include -I/builder/libvorbis-1.3.5/include'
ac_cv_env_vorbisfile_LIBS_set=set
ac_cv_env_vorbisfile_LIBS_value='-L/builder/libogg-1.3.2/src/.libs -L/builder/libvorbis-1.3.5/lib/.libs'
ac_cv_env_zlib_CFLAGS_set=set
ac_cv_env_zlib_CFLAGS_value=-I/builder/zlib-1.2.8
ac_cv_env_zlib_LIBS_set=set
ac_cv_env_zlib_LIBS_value=-L/builder/zlib-1.2.8
ac_cv_header_dlfcn_h=yes
ac_cv_header_inttypes_h=yes
ac_cv_header_stdint_h=yes
ac_cv_header_stdio_h=yes
ac_cv_header_stdlib_h=yes
ac_cv_header_string_h=yes
ac_cv_header_strings_h=yes
ac_cv_header_sys_stat_h=yes
ac_cv_header_sys_types_h=yes
ac_cv_header_unistd_h=yes
ac_cv_host=x86_64-pc-linux-gnu
ac_cv_objcxx_compiler_gnu=no
ac_cv_objext=o
ac_cv_path_EGREP='/usr/bin/grep -E'
ac_cv_path_FGREP='/usr/bin/grep -F'
ac_cv_path_GREP=/usr/bin/grep
ac_cv_path_SED=/usr/bin/sed
ac_cv_path_ac_pt_PKG_CONFIG=/usr/bin/pkg-config
ac_cv_path_install='/usr/bin/install -c'
ac_cv_path_lt_DD=/usr/bin/dd
ac_cv_path_mkdir=/usr/bin/mkdir
ac_cv_prog_AWK=mawk
ac_cv_prog_CXXCPP='g++ -E'
ac_cv_prog_ac_ct_AR=ar
ac_cv_prog_ac_ct_CC=gcc
ac_cv_prog_ac_ct_CXX=g++
ac_cv_prog_ac_ct_FILECMD=file
ac_cv_prog_ac_ct_OBJCXX=g++
ac_cv_prog_ac_ct_OBJDUMP=objdump
ac_cv_prog_ac_ct_RANLIB=ranlib
ac_cv_prog_ac_ct_STRIP=strip
ac_cv_prog_cc_c11=
ac_cv_prog_cc_g=yes
ac_cv_prog_cc_stdc=
ac_cv_prog_cxx_cxx11=
ac_cv_prog_cxx_g=yes
ac_cv_prog_cxx_stdcxx=
ac_cv_prog_make_make_set=yes
ac_cv_prog_objcxx_g=no
ac_cv_search_PHYSFS_init=-lphysfs
ac_cv_search_sqrt='none required'
ac_cv_type_socklen_t=yes
am_cv_CC_dependencies_compiler_type=gcc3
am_cv_CXX_dependencies_compiler_type=gcc3
am_cv_OBJCXX_dependencies_compiler_type=gcc3
am_cv_ar_interface=ar
am_cv_make_support_nested_variables=yes
am_cv_prog_cc_c_o=yes
am_cv_prog_tar_ustar=gnutar
lt_cv_ar_at_file=@
lt_cv_deplibs_check_method=pass_all
lt_cv_file_magic_cmd='$MAGIC_CMD'
lt_cv_file_magic_test_file=
lt_cv_ld_reload_flag=-r
lt_cv_nm_interface='BSD nm'
lt_cv_objdir=.libs
lt_cv_path_LD=/usr/bin/ld
lt_cv_path_LDCXX='/usr/bin/ld -m elf_x86_64'
lt_cv_path_NM='/usr/bin/nm -B'
lt_cv_path_mainfest_tool=no
lt_cv_prog_compiler_c_o=yes
lt_cv_prog_compiler_c_o_CXX=yes
lt_cv_prog_compiler_pic='-fPIC -DPIC'
lt_cv_prog_compiler_pic_CXX='-fPIC -DPIC'
lt_cv_prog_compiler_pic_works=yes
lt_cv_prog_compiler_pic_works_CXX=yes
lt_cv_prog_compiler_rtti_exceptions=no
lt_cv_prog_compiler_static_works=yes
lt_cv_prog_compiler_static_works_CXX=yes
lt_cv_prog_gnu_ld=yes
lt_cv_prog_gnu_ldcxx=yes
lt_cv_sharedlib_from_linklib_cmd='printf %s\n'
lt_cv_shlibpath_overrides_runpath=yes
lt_cv_sys_global_symbol_pipe='/usr/bin/sed -n -e '\''s/^.*[	 ]\([ABCDGIRSTW][ABCDGIRSTW]*\)[	 ][	 ]*\([_A-Za-z][_A-Za-z0-9]*\)$/\1 \2 \2/p'\'' | /usr/bin/sed '\''/ __gnu_lto/d'\'''
lt_cv_sys_global_symbol_to_c_name_address='/usr/bin/sed -n -e '\''s/^: \(.*\) .*$/  {"\1", (void *) 0},/p'\'' -e '\''s/^[ABCDGIRSTW][ABCDGIRSTW]* .* \(.*\)$/  {"\1", (void *) \&\1},/p'\'''
lt_cv_sys_global_symbol_to_c_name_address_lib_prefix='/usr/bin/sed -n -e '\''s/^: \(.*\) .*$/  {"\1", (void *) 0},/p'\'' -e '\''s/^[ABCDGIRSTW][ABCDGIRSTW]* .* \(lib.*\)$/  {"\1", (void *) \&\1},/p'\'' -e '\''s/^[ABCDGIRSTW][ABCDGIRSTW]* .* \(.*\)$/  {"lib\1", (void *) \&\1},/p'\'''
lt_cv_sys_global_symbol_to_cdecl='/usr/bin/sed -n -e '\''s/^T .* \(.*\)$/extern int \1();/p'\'' -e '\''s/^[ABCDGIRSTW][ABCDGIRSTW]* .* \(.*\)$/extern char \1;/p'\'''
lt_cv_sys_global_symbol_to_import=
lt_cv_sys_max_cmd_len=1572864
lt_cv_to_host_file_cmd=func_convert_file_noop
lt_cv_to_tool_file_cmd=func_convert_file_noop
lt_cv_truncate_bin='/usr/bin/dd bs=4096 count=1'
pkg_cv_SDL_CFLAGS='-I/usr/include/SDL2 -D_REENTRANT '
pkg_cv_SDL_LIBS='-lSDL2 '
pkg_cv_freetype2_CFLAGS=-I/builder/freetype-2.5.5/include
pkg_cv_freetype2_LIBS=-L/builder/freetype-2.5.5/objs/.libs
pkg_cv_libmodplug_CFLAGS=-I/builder/libmodplug-0.8.8.5
pkg_cv_libmodplug_LIBS=-L/builder/libmodplug-0.8.8.5/build
pkg_cv_lua_CFLAGS=-I/builder/LuaJIT-2.1.0-beta2/src
pkg_cv_lua_LIBS=-L/builder/LuaJIT-2.1.0-beta2/src
pkg_cv_openal_CFLAGS=-I/builder/openal-soft-1.18.0/include
pkg_cv_openal_LIBS=-L/builder/openal-soft-1.18.0/build
pkg_cv_theora_CFLAGS=-I/builder/libtheora-1.1.1/include
pkg_cv_theora_LIBS=-L/builder/libtheora-1.1.1/lib/.libs
pkg_cv_vorbisfile_CFLAGS='-I/builder/libogg-1.3.2/include -I/builder/libvorbis-1.3.5/include'
pkg_cv_vorbisfile_LIBS='-L/builder/libogg-1.3.2/src/.libs -L/builder/libvorbis-1.3.5/lib/.libs'
pkg_cv_zlib_CFLAGS=-I/builder/zlib-1.2.8
pkg_cv_zlib_LIBS=-L/builder/zlib-1.2.8

## ----------------- ##
## Output variables. ##
## ----------------- ##

ACLOCAL='${SHELL} '\''/builder/love-0.10.2/platform/unix/missing'\'' aclocal-1.16'
AMDEPBACKSLASH='\'
AMDEP_FALSE='#'
AMDEP_TRUE=''
AMTAR='$${TAR-tar}'
AM_BACKSLASH='\'
AM_DEFAULT_V='$(AM_DEFAULT_VERBOSITY)'
AM_DEFAULT_VERBOSITY='1'
AM_V='$(V)'
AR='ar'
AUTOCONF='${SHELL} '\''/builder/love-0.10.2/platform/unix/missing'\'' autoconf'
AUTOHEADER='${SHELL} '\''/builder/love-0.10.2/platform/unix/missing'\'' autoheader'
AUTOMAKE='${SHELL} '\''/builder/love-0.10.2/platform/unix/missing'\'' automake-1.16'
AWK='mawk'
CC='gcc'
CCDEPMODE='depmode=gcc3'
CFLAGS='-g -O2'
CPPFLAGS='-I/builder/physfs-2.0.3'
CSCOPE='cscope'
CTAGS='ctags'
CXX='g++'
CXXCPP='g++ -E'
CXXDEPMODE='depmode=gcc3'
CXXFLAGS='-g -O2 -std=c++11'
CYGPATH_W='echo'
DEFS='-DHAVE_CONFIG_H'
DEPDIR='.deps'
DLLTOOL='false'
DSYMUTIL=''
DUMPBIN=''
ECHO_C=''
ECHO_N='-n'
ECHO_T=''
EGREP='/usr/bin/grep -E'
ETAGS='etags'
EXEEXT=''
FGREP='/usr/bin/grep -F'
FILECMD='file'
FILE_OFFSET=''
GREP='/usr/bin/grep'
INSTALL_DATA='${INSTALL} -m 644'
INSTALL_PROGRAM='${INSTALL}'
INSTALL_SCRIPT='${INSTALL}'
INSTALL_STRIP_PROGRAM='$(install_sh) -c -s'
LD='/usr/bin/ld -m elf_x86_64'
LDFLAGS='-L/builder/physfs-2.0.3/build'
LIBOBJS=''
LIBS='-lphysfs '
LIBTOOL='$(SHELL) $(top_builddir)/libtool'
LIPO=''
LN_S='ln -s'
LOVE_BUILD_EXE_FALSE='#'
LOVE_BUILD_EXE_TRUE=''
LOVE_IMPLEMENTATION_AUDIO_NULL_FALSE='#'
LOVE_IMPLEMENTATION_AUDIO_NULL_TRUE=''
LOVE_IMPLEMENTATION_AUDIO_OPENAL_FALSE='#'
LOVE_IMPLEMENTATION_AUDIO_OPENAL_TRUE=''
LOVE_IMPLEMENTATION_EVENT_SDL_FALSE='#'
LOVE_IMPLEMENTATION_EVENT_SDL_TRUE=''
LOVE_IMPLEMENTATION_FILESYSTEM_PHYSFS_FALSE='#'
LOVE_IMPLEMENTATION_FILESYSTEM_PHYSFS_TRUE=''
LOVE_IMPLEMENTATION_FONT_FREETYPE_FALSE='#'
LOVE_IMPLEMENTATION_FONT_FREETYPE_TRUE=''
LOVE_IMPLEMENTATION_GRAPHICS_OPENGL_FALSE='#'
LOVE_IMPLEMENTATION_GRAPHICS_OPENGL_TRUE=''
LOVE_IMPLEMENTATION_IMAGE_MAGPIE_FALSE='#'
LOVE_IMPLEMENTATION_IMAGE_MAGPIE_TRUE=''
LOVE_IMPLEMENTATION_JOYSTICK_SDL_FALSE='#'
LOVE_IMPLEMENTATION_JOYSTICK_SDL_TRUE=''
LOVE_IMPLEMENTATION_KEYBOARD_SDL_FALSE='#'
LOVE_IMPLEMENTATION_KEYBOARD_SDL_TRUE=''
LOVE_IMPLEMENTATION_MOUSE_SDL_FALSE='#'
LOVE_IMPLEMENTATION_MOUSE_SDL_TRUE=''
LOVE_IMPLEMENTATION_PHYSICS_BOX2D_FALSE='#'
LOVE_IMPLEMENTATION_PHYSICS_BOX2D_TRUE=''
LOVE_IMPLEMENTATION_SOUND_LULLABY_FALSE='#'
LOVE_IMPLEMENTATION_SOUND_LULLABY_TRUE=''
LOVE_IMPLEMENTATION_SYSTEM_SDL_FALSE='#'
LOVE_IMPLEMENTATION_SYSTEM_SDL_TRUE=''
LOVE_IMPLEMENTATION_THREAD_SDL_FALSE='#'
LOVE_IMPLEMENTATION_THREAD_SDL_TRUE=''
LOVE_IMPLEMENTATION_TIMER_SDL_FALSE='#'
LOVE_IMPLEMENTATION_TIMER_SDL_TRUE=''
LOVE_IMPLEMENTATION_TOUCH_SDL_FALSE='#'
LOVE_IMPLEMENTATION_TOUCH_SDL_TRUE=''
LOVE_IMPLEMENTATION_VIDEO_THEORA_FALSE='#'
LOVE_IMPLEMENTATION_VIDEO_THEORA_TRUE=''
LOVE_IMPLEMENTATION_WINDOW_SDL_FALSE='#'
LOVE_IMPLEMENTATION_WINDOW_SDL_TRUE=''
LOVE_INCLUDES=''
LOVE_LIBRARY_BOX2D_FALSE='#'
LOVE_LIBRARY_BOX2D_TRUE=''
LOVE_LIBRARY_DDSPARSE_FALSE='#'
LOVE_LIBRARY_DDSPARSE_TRUE=''
LOVE_LIBRARY_ENET_FALSE='#'
LOVE_LIBRARY_ENET_TRUE=''
LOVE_LIBRARY_GLAD_FALSE='#'
LOVE_LIBRARY_GLAD_TRUE=''
LOVE_LIBRARY_LODEPNG_FALSE='#'
LOVE_LIBRARY_LODEPNG_TRUE=''
LOVE_LIBRARY_LUASOCKET_FALSE='#'
LOVE_LIBRARY_LUASOCKET_TRUE=''
LOVE_LIBRARY_LUAUTF8_FALSE='#'
LOVE_LIBRARY_LUAUTF8_TRUE=''
LOVE_LIBRARY_LZ4_FALSE='#'
LOVE_LIBRARY_LZ4_TRUE=''
LOVE_LIBRARY_NOISE1234_FALSE='#'
LOVE_LIBRARY_NOISE1234_TRUE=''
LOVE_LIBRARY_STB_FALSE='#'
LOVE_LIBRARY_STB_TRUE=''
LOVE_LIBRARY_UTF8_FALSE='#'
LOVE_LIBRARY_UTF8_TRUE=''
LOVE_LIBRARY_WUFF_FALSE='#'
LOVE_LIBRARY_WUFF_TRUE=''
LOVE_MODULE_AUDIO_FALSE='#'
LOVE_MODULE_AUDIO_TRUE=''
LOVE_MODULE_EVENT_FALSE='#'
LOVE_MODULE_EVENT_TRUE=''
LOVE_MODULE_FILESYSTEM_FALSE='#'
LOVE_MODULE_FILESYSTEM_TRUE=''
LOVE_MODULE_FONT_FALSE='#'
LOVE_MODULE_FONT_TRUE=''
LOVE_MODULE_GRAPHICS_FALSE='#'
LOVE_MODULE_GRAPHICS_TRUE=''
LOVE_MODULE_IMAGE_FALSE='#'
LOVE_MODULE_IMAGE_TRUE=''
LOVE_MODULE_JOYSTICK_FALSE='#'
LOVE_MODULE_JOYSTICK_TRUE=''
LOVE_MODULE_KEYBOARD_FALSE='#'
LOVE_MODULE_KEYBOARD_TRUE=''
LOVE_MODULE_LOVE_FALSE='#'
LOVE_MODULE_LOVE_TRUE=''
LOVE_MODULE_MATH_FALSE='#'
LOVE_MODULE_MATH_TRUE=''
LOVE_MODULE_MOUSE_FALSE='#'
LOVE_MODULE_MOUSE_TRUE=''
LOVE_MODULE_PHYSICS_FALSE='#'
LOVE_MODULE_PHYSICS_TRUE=''
LOVE_MODULE_SOUND_FALSE='#'
LOVE_MODULE_SOUND_TRUE=''
LOVE_MODULE_SYSTEM_FALSE='#'
LOVE_MODULE_SYSTEM_TRUE=''
LOVE_MODULE_THREAD_FALSE='#'
LOVE_MODULE_THREAD_TRUE=''
LOVE_MODULE_TIMER_FALSE='#'
LOVE_MODULE_TIMER_TRUE=''
LOVE_MODULE_TOUCH_FALSE='#'
LOVE_MODULE_TOUCH_TRUE=''
LOVE_MODULE_VIDEO_FALSE='#'
LOVE_MODULE_VIDEO_TRUE=''
LOVE_MODULE_WINDOW_FALSE='#'
LOVE_MODULE_WINDOW_TRUE=''
LOVE_NOMPG123_FALSE='#'
LOVE_NOMPG123_TRUE=''
LOVE_SUFFIX=''
LOVE_TARGET_OSX_FALSE=''
LOVE_TARGET_OSX_TRUE='#'
LTLIBOBJS=''
LT_SYS_LIBRARY_PATH=''
LUA_EXECUTABLE=':'
MAKEINFO='${SHELL} '\''/builder/love-0.10.2/platform/unix/missing'\'' makeinfo'
MANIFEST_TOOL=':'
MKDIR_P='/usr/bin/mkdir -p'
NM='/usr/bin/nm -B'
NMEDIT=''
OBJCXX='g++'
OBJCXXDEPMODE='depmode=gcc3'
OBJCXXFLAGS=''
OBJDUMP='objdump'
OBJEXT='o'
OTOOL64=''
OTOOL=''
PACKAGE='love'
PACKAGE_BUGREPORT=''
PACKAGE_NAME='love'
PACKAGE_STRING='love 0.10.2'
PACKAGE_TARNAME='love'
PACKAGE_URL=''
PACKAGE_VERSION='0.10.2'
PATH_SEPARATOR=':'
PKG_CONFIG='/usr/bin/pkg-config'
PKG_CONFIG_LIBDIR=''
PKG_CONFIG_PATH=''
RANLIB='ranlib'
SDL2_CONFIG='/usr/bin/pkg-config sdl2'
SDL2_FRAMEWORK=''
SDL_CFLAGS='-I/usr/include/SDL2 -D_REENTRANT '
SDL_LIBS='-lSDL2 '
SED='/usr/bin/sed'
SET_MAKE=''
SHELL='/bin/bash'
STRIP='strip'
VERSION='0.10.2'
ac_ct_AR='ar'
ac_ct_CC='gcc'
ac_ct_CXX='g++'
ac_ct_DUMPBIN=''
ac_ct_OBJCXX='g++'
am__EXEEXT_FALSE=''
am__EXEEXT_TRUE='#'
am__fastdepCC_FALSE='#'
am__fastdepCC_TRUE=''
am__fastdepCXX_FALSE='#'
am__fastdepCXX_TRUE=''
am__fastdepOBJCXX_FALSE='#'
am__fastdepOBJCXX_TRUE=''
am__include='include'
am__isrc=''
am__leading_dot='.'
am__nodep='_no'
am__quote=''
am__tar='tar --format=ustar -chf - "$$tardir"'
am__untar='tar -xf -'
bindir='${exec_prefix}/bin'
build='x86_64-pc-linux-gnu'
build_alias=''
build_cpu='x86_64'
build_os='linux-gnu'
build_vendor='pc'
datadir='${datarootdir}'
datarootdir='${prefix}/share'
docdir='${datarootdir}/doc/${PACKAGE_TARNAME}'
dvidir='${docdir}'
exec_prefix='${prefix}'
freetype2_CFLAGS='-I/builder/freetype-2.5.5/include'
freetype2_LIBS='-L/builder/freetype-2.5.5/objs/.libs'
host='x86_64-pc-linux-gnu'
host_alias=''
host_cpu='x86_64'
host_os='linux-gnu'
host_vendor='pc'
htmldir='${docdir}'
includedir='${prefix}/include'
infodir='${datarootdir}/info'
install_sh='${SHELL} /builder/love-0.10.2/platform/unix/install-sh'
libdir='${exec_prefix}/lib'
libexecdir='${exec_prefix}/libexec'
libmodplug_CFLAGS='-I/builder/libmodplug-0.8.8.5'
libmodplug_LIBS='-L/builder/libmodplug-0.8.8.5/build'
localedir='${datarootdir}/locale'
localstatedir='${prefix}/var'
lua_CFLAGS='-I/builder/LuaJIT-2.1.0-beta2/src'
lua_LIBS='-L/builder/LuaJIT-2.1.0-beta2/src'
mandir='${datarootdir}/man'
mkdir_p='$(MKDIR_P)'
oldincludedir='/usr/include'
openal_CFLAGS='-I/builder/openal-soft-1.18.0/include'
openal_LIBS='-L/builder/openal-soft-1.18.0/build'
pdfdir='${docdir}'
prefix='/usr'
program_transform_name='s,x,x,'
psdir='${docdir}'
runstatedir='${localstatedir}/run'
sbindir='${exec_prefix}/sbin'
sharedstatedir='${prefix}/com'
sysconfdir='${prefix}/etc'
target_alias=''
theora_CFLAGS='-I/builder/libtheora-1.1.1/include'
theora_LIBS='-L/builder/libtheora-1.1.1/lib/.libs'
vorbisfile_CFLAGS='-I/builder/libogg-1.3.2/include -I/builder/libvorbis-1.3.5/include'
vorbisfile_LIBS='-L/builder/libogg-1.3.2/src/.libs -L/builder/libvorbis-1.3.5/lib/.libs'
zlib_CFLAGS='-I/builder/zlib-1.2.8'
zlib_LIBS='-L/builder/zlib-1.2.8'

## ----------- ##
## confdefs.h. ##
## ----------- ##

/* confdefs.h */
#define PACKAGE_NAME "love"
#define PACKAGE_TARNAME "love"
#define PACKAGE_VERSION "0.10.2"
#define PACKAGE_STRING "love 0.10.2"
#define PACKAGE_BUGREPORT ""
#define PACKAGE_URL ""
#define PACKAGE "love"
#define VERSION "0.10.2"
#define HAVE_STDIO_H 1
#define HAVE_STDLIB_H 1
#define HAVE_STRING_H 1
#define HAVE_INTTYPES_H 1
#define HAVE_STDINT_H 1
#define HAVE_STRINGS_H 1
#define HAVE_SYS_STAT_H 1
#define HAVE_SYS_TYPES_H 1
#define HAVE_UNISTD_H 1
#define STDC_HEADERS 1
#define HAVE_DLFCN_H 1
#define LT_OBJDIR ".libs/"
#define LOVE_NOMPG123 /**/
#define HAS_SOCKLEN_T 1
#define LOVE_BUILD_EXE /**/
#define LOVE_ENABLE_AUDIO /**/
#define LOVE_ENABLE_AUDIO_NULL /**/
#define LOVE_ENABLE_AUDIO_OPENAL /**/
#define LOVE_ENABLE_EVENT /**/
#define LOVE_ENABLE_EVENT_SDL /**/
#define LOVE_ENABLE_FILESYSTEM /**/
#define LOVE_ENABLE_FILESYSTEM_PHYSFS /**/
#define LOVE_ENABLE_FONT /**/
#define LOVE_ENABLE_FONT_FREETYPE /**/
#define LOVE_ENABLE_GRAPHICS /**/
#define LOVE_ENABLE_GRAPHICS_OPENGL /**/
#define LOVE_ENABLE_IMAGE /**/
#define LOVE_ENABLE_IMAGE_MAGPIE /**/
#define LOVE_ENABLE_JOYSTICK /**/
#define LOVE_ENABLE_JOYSTICK_SDL /**/
#define LOVE_ENABLE_KEYBOARD /**/
#define LOVE_ENABLE_KEYBOARD_SDL /**/
#define LOVE_ENABLE_LOVE /**/
#define LOVE_ENABLE_MATH /**/
#define LOVE_ENABLE_MOUSE /**/
#define LOVE_ENABLE_MOUSE_SDL /**/
#define LOVE_ENABLE_PHYSICS /**/
#define LOVE_ENABLE_PHYSICS_BOX2D /**/
#define LOVE_ENABLE_SOUND /**/
#define LOVE_ENABLE_SOUND_LULLABY /**/
#define LOVE_ENABLE_SYSTEM /**/
#define LOVE_ENABLE_SYSTEM_SDL /**/
#define LOVE_ENABLE_THREAD /**/
#define LOVE_ENABLE_THREAD_SDL /**/
#define LOVE_ENABLE_TIMER /**/
#define LOVE_ENABLE_TIMER_SDL /**/
#define LOVE_ENABLE_TOUCH /**/
#define LOVE_ENABLE_TOUCH_SDL /**/
#define LOVE_ENABLE_VIDEO /**/
#define LOVE_ENABLE_VIDEO_THEORA /**/
#define LOVE_ENABLE_WINDOW /**/
#define LOVE_ENABLE_WINDOW_SDL /**/
#define LOVE_ENABLE_BOX2D /**/
#define LOVE_ENABLE_DDSPARSE /**/
#define LOVE_ENABLE_ENET /**/
#define LOVE_ENABLE_GLAD /**/
#define LOVE_ENABLE_LODEPNG /**/
#define LOVE_ENABLE_LUASOCKET /**/
#define LOVE_ENABLE_LUAUTF8 /**/
#define LOVE_ENABLE_LZ4 /**/
#define LOVE_ENABLE_NOISE1234 /**/
#define LOVE_ENABLE_STB /**/
#define LOVE_ENABLE_UTF8 /**/
#define LOVE_ENABLE_WUFF /**/

configure: exit 0
